<?xml version="1.0" encoding="UTF-8"?>
<testng-results skipped="0" failed="0" ignored="0" total="1" passed="1">
  <reporter-output>
  </reporter-output>
  <suite name="com.udemy.DriverTest" duration-ms="3680" started-at="2020-06-30T05:36:45Z" finished-at="2020-06-30T05:36:48Z">
    <groups>
    </groups>
    <test name="Command line test" duration-ms="3680" started-at="2020-06-30T05:36:45Z" finished-at="2020-06-30T05:36:48Z">
      <class name="com.udemy.DriverTest">
        <test-method status="PASS" signature="setDriver(java.lang.String)[pri:0, instance:com.udemy.DriverTest@5ebec15]" name="setDriver" is-config="true" duration-ms="2389" started-at="2020-06-30T05:36:45Z" finished-at="2020-06-30T05:36:47Z">
          <params>
            <param index="0">
              <value>
                <![CDATA[chrome]]>
              </value>
            </param>
          </params>
          <reporter-output>
          </reporter-output>
        </test-method> <!-- setDriver -->
        <test-method status="PASS" signature="googleTest()[pri:0, instance:com.udemy.DriverTest@5ebec15]" name="googleTest" duration-ms="1189" started-at="2020-06-30T05:36:47Z" finished-at="2020-06-30T05:36:48Z">
          <reporter-output>
          </reporter-output>
        </test-method> <!-- googleTest -->
        <test-method status="PASS" signature="quitDriver()[pri:0, instance:com.udemy.DriverTest@5ebec15]" name="quitDriver" is-config="true" duration-ms="87" started-at="2020-06-30T05:36:48Z" finished-at="2020-06-30T05:36:48Z">
          <reporter-output>
          </reporter-output>
        </test-method> <!-- quitDriver -->
      </class> <!-- com.udemy.DriverTest -->
    </test> <!-- Command line test -->
  </suite> <!-- com.udemy.DriverTest -->
</testng-results>
